{"name": "test_message_disappeared_after_adding_product_to_basket", "status": "skipped", "statusDetails": {"message": "XFAIL\n\nAssertionError: Success alert is disappeared\nassert False == True\n +  where False = <bound method BasePage.is_disappeared of <module_5.pages.product_page.ProductPage object at 0x043679A0>>(*('css selector', '.in:nth-child(1)'), timeout=4)\n +    where <bound method BasePage.is_disappeared of <module_5.pages.product_page.ProductPage object at 0x043679A0>> = <module_5.pages.product_page.ProductPage object at 0x043679A0>.is_disappeared\n +    and   ('css selector', '.in:nth-child(1)') = AlertProductPageLocators.ALERT_SUCCESS", "trace": "self = <module_5.test_presence.TestPresence object at 0x040B8178>\nbrowser = <selenium.webdriver.chrome.webdriver.WebDriver (session=\"c35cf54d026f443338784c0219650d80\")>\n\n    @pytest.mark.xfail\n    def test_message_disappeared_after_adding_product_to_basket(self, browser):\n        link = \"http://selenium1py.pythonanywhere.com/catalogue/coders-at-work_207\"\n        try:\n            page = ProductPage(browser, link)\n            page.Open()\n    \n            #page.is_not_element_present(*ProductPageLocators.PRODUCT_NAME, timeout=4)\n    \n            page.should_be_product_page()\n    \n            page.add_to_basket()\n    \n>           assert page.is_disappeared(*AlertProductPageLocators.ALERT_SUCCESS,\n                                       timeout=4) == True, \"Success alert is disappeared\"\nE                                      AssertionError: Success alert is disappeared\nE                                      assert False == True\nE                                       +  where False = <bound method BasePage.is_disappeared of <module_5.pages.product_page.ProductPage object at 0x043679A0>>(*('css selector', '.in:nth-child(1)'), timeout=4)\nE                                       +    where <bound method BasePage.is_disappeared of <module_5.pages.product_page.ProductPage object at 0x043679A0>> = <module_5.pages.product_page.ProductPage object at 0x043679A0>.is_disappeared\nE                                       +    and   ('css selector', '.in:nth-child(1)') = AlertProductPageLocators.ALERT_SUCCESS\n\ntest_presence.py:51: AssertionError"}, "attachments": [{"name": "stdout", "source": "e2af681b-8742-41b7-92f3-bdcd665fac86-attachment.txt", "type": "text/plain"}], "start": 1616075683862, "stop": 1616075691644, "uuid": "0b631f5d-8f7b-4c12-a0b2-925e9d444deb", "historyId": "48600559dd5446bbd69d83ca8a4f36d8", "testCaseId": "63b20bc8a84c26867528f3e2ab6ee444", "fullName": "test_presence.TestPresence#test_message_disappeared_after_adding_product_to_basket", "labels": [{"name": "tag", "value": "@pytest.mark.xfail"}, {"name": "suite", "value": "test_presence"}, {"name": "subSuite", "value": "TestPresence"}, {"name": "host", "value": "S0151"}, {"name": "thread", "value": "18408-MainThread"}, {"name": "framework", "value": "pytest"}, {"name": "language", "value": "cpython3"}, {"name": "package", "value": "test_presence"}]}