{"name": "test_guest_cant_see_success_message_after_adding_product_to_basket", "status": "skipped", "statusDetails": {"message": "XFAIL\n\nAssertionError: Success alert is presence\nassert False == True\n +  where False = <bound method BasePage.is_not_element_present of <module_5.pages.product_page.ProductPage object at 0x0406CD00>>(*('css selector', '.in:nth-child(1)'), timeout=4)\n +    where <bound method BasePage.is_not_element_present of <module_5.pages.product_page.ProductPage object at 0x0406CD00>> = <module_5.pages.product_page.ProductPage object at 0x0406CD00>.is_not_element_present\n +    and   ('css selector', '.in:nth-child(1)') = AlertProductPageLocators.ALERT_SUCCESS", "trace": "self = <module_5.test_presence.TestPresence object at 0x0406C520>\nbrowser = <selenium.webdriver.chrome.webdriver.WebDriver (session=\"79bdfe0f91a1e563d8df594271ca8ff8\")>\n\n    @pytest.mark.xfail\n    def test_guest_cant_see_success_message_after_adding_product_to_basket(self, browser):\n        link = \"http://selenium1py.pythonanywhere.com/catalogue/coders-at-work_207\"\n        try:\n            page = ProductPage(browser, link)\n            page.Open()\n    \n            #page.is_not_element_present(*ProductPageLocators.PRODUCT_NAME, timeout=5)\n    \n            page.should_be_product_page()\n    \n            page.add_to_basket()\n    \n>           assert page.is_not_element_present(*AlertProductPageLocators.ALERT_SUCCESS,\n                                               timeout=4) == True, \"Success alert is presence\"\nE                                              AssertionError: Success alert is presence\nE                                              assert False == True\nE                                               +  where False = <bound method BasePage.is_not_element_present of <module_5.pages.product_page.ProductPage object at 0x0406CD00>>(*('css selector', '.in:nth-child(1)'), timeout=4)\nE                                               +    where <bound method BasePage.is_not_element_present of <module_5.pages.product_page.ProductPage object at 0x0406CD00>> = <module_5.pages.product_page.ProductPage object at 0x0406CD00>.is_not_element_present\nE                                               +    and   ('css selector', '.in:nth-child(1)') = AlertProductPageLocators.ALERT_SUCCESS\n\ntest_presence.py:19: AssertionError"}, "attachments": [{"name": "stdout", "source": "9af4e1ff-b0d8-4f12-9fc2-5e63679d9402-attachment.txt", "type": "text/plain"}], "start": 1616075656052, "stop": 1616075659859, "uuid": "b327fe22-4219-46bd-85ae-3f763b226bfd", "historyId": "8b3e27fe666aa445b9738e3254ba45c4", "testCaseId": "3c2dcdfa0e49446a06808f6e17de3e47", "fullName": "test_presence.TestPresence#test_guest_cant_see_success_message_after_adding_product_to_basket", "labels": [{"name": "tag", "value": "@pytest.mark.xfail"}, {"name": "suite", "value": "test_presence"}, {"name": "subSuite", "value": "TestPresence"}, {"name": "host", "value": "S0151"}, {"name": "thread", "value": "18408-MainThread"}, {"name": "framework", "value": "pytest"}, {"name": "language", "value": "cpython3"}, {"name": "package", "value": "test_presence"}]}