{"name": "test_user_cant_see_success_message_after_adding_product_to_basket", "status": "skipped", "statusDetails": {"message": "XFAIL\n\nAssertionError: Success alert is not presence\nassert False == True\n +  where False = <bound method BasePage.is_not_element_present of <module_5.pages.product_page.ProductPage object at 0x0449A3B8>>(*('css selector', '.in:nth-child(1)'), timeout=4)\n +    where <bound method BasePage.is_not_element_present of <module_5.pages.product_page.ProductPage object at 0x0449A3B8>> = <module_5.pages.product_page.ProductPage object at 0x0449A3B8>.is_not_element_present\n +    and   ('css selector', '.in:nth-child(1)') = AlertProductPageLocators.ALERT_SUCCESS", "trace": "self = <module_5.test_product_page.TestUserAddToBasketFromProductPage object at 0x041B6418>\nbrowser = <selenium.webdriver.chrome.webdriver.WebDriver (session=\"748bec71bed65b706503ba81aa69e9f2\")>\n\n    @pytest.mark.xfail\n    def test_user_cant_see_success_message_after_adding_product_to_basket(self, browser):\n        link = \"http://selenium1py.pythonanywhere.com/catalogue/coders-at-work_207\"\n    \n        page = ProductPage(browser, link)\n        page.Open()\n    \n        page.get_class_properties()\n    \n        page.should_be_product_page()\n    \n        page.add_to_basket()\n    \n>       assert page.is_not_element_present(*AlertProductPageLocators.ALERT_SUCCESS,\n                                           timeout=4) == True, \"Success alert is not presence\"\nE       AssertionError: Success alert is not presence\nE       assert False == True\nE        +  where False = <bound method BasePage.is_not_element_present of <module_5.pages.product_page.ProductPage object at 0x0449A3B8>>(*('css selector', '.in:nth-child(1)'), timeout=4)\nE        +    where <bound method BasePage.is_not_element_present of <module_5.pages.product_page.ProductPage object at 0x0449A3B8>> = <module_5.pages.product_page.ProductPage object at 0x0449A3B8>.is_not_element_present\nE        +    and   ('css selector', '.in:nth-child(1)') = AlertProductPageLocators.ALERT_SUCCESS\n\ntest_product_page.py:97: AssertionError"}, "attachments": [{"name": "stdout", "source": "153c799e-c93c-45ed-9529-fb41204d81a9-attachment.txt", "type": "text/plain"}], "start": 1616075876195, "stop": 1616075879967, "uuid": "ff862ec9-c499-46d9-824d-d2ec330209a9", "historyId": "d9f806dd47cfef4ee648af5ada75ea9a", "testCaseId": "8685e8e56a44a1d43b0de39b38cd4099", "fullName": "test_product_page.TestUserAddToBasketFromProductPage#test_user_cant_see_success_message_after_adding_product_to_basket", "labels": [{"name": "tag", "value": "@pytest.mark.xfail"}, {"name": "suite", "value": "test_product_page"}, {"name": "subSuite", "value": "TestUserAddToBasketFromProductPage"}, {"name": "host", "value": "S0151"}, {"name": "thread", "value": "8244-MainThread"}, {"name": "framework", "value": "pytest"}, {"name": "language", "value": "cpython3"}, {"name": "package", "value": "test_product_page"}]}